<?xml version="1.0" encoding="UTF-8"?>
<!-- Generated by org.testng.reporters.JUnitXMLReporter -->
<testsuite ignored="0" hostname="LAPTOP-3TBI624S" failures="1" tests="2" name="Test" time="11.951" errors="0" timestamp="2026-06-28T00:09:23 IST">
  <testcase classname="io.cucumber.testng.AbstractTestNGCucumberTests" name="runScenario" time="6.216">
    <failure type="junit.framework.ComparisonFailure" message="expected:&amp;lt;https://rahulshettyacademy.com/seleniumPractise/#/&amp;gt; but was:&amp;lt;rahulshetty&amp;gt;">
      <![CDATA[junit.framework.ComparisonFailure: expected:<https://rahulshettyacademy.com/seleniumPractise/#/> but was:<rahulshetty>
at junit.framework.Assert.assertEquals(Assert.java:81)
at junit.framework.Assert.assertEquals(Assert.java:87)
at Stepdefinations.test.failscenario(test.java:23)
at ✽.failscenario(file:///C:/Users/adapa/Desktop/selenium/testcucumberupdatedjenkis/src/test/resources/featurefiles/testing.feature:8)
]]>
    </failure>
  </testcase> <!-- runScenario -->
  <testcase classname="io.cucumber.testng.AbstractTestNGCucumberTests" name="runScenario" time="4.531"/>
</testsuite> <!-- Test -->
