<?xml version="1.0" encoding="UTF-8"?>
<testng-results ignored="0" total="1" passed="1" failed="0" skipped="0">
  <reporter-output>
  </reporter-output>
  <suite started-at="2026-06-28T00:30:33 IST" name="Cucumber Suite" finished-at="2026-06-28T00:30:41 IST" duration-ms="7694">
    <groups>
      <group name="cucumber">
        <method signature="AbstractTestNGCucumberTests.runScenario(io.cucumber.testng.PickleWrapper,io.cucumber.testng.FeatureWrapper)[pri:0, instance:Runner.Runnerclass@10e41621]" name="runScenario" class="io.cucumber.testng.AbstractTestNGCucumberTests"/>
      </group> <!-- cucumber -->
    </groups>
    <test started-at="2026-06-28T00:30:33 IST" name="Test" finished-at="2026-06-28T00:30:41 IST" duration-ms="7694">
      <class name="Runner.Runnerclass">
        <test-method is-config="true" signature="setUpClass(org.testng.ITestContext)[pri:0, instance:Runner.Runnerclass@10e41621]" started-at="2026-06-28T00:30:33 IST" name="setUpClass" finished-at="2026-06-28T00:30:34 IST" duration-ms="1177" status="PASS">
          <params>
            <param index="0">
              <value>
                <![CDATA[org.testng.TestRunner@58a4a74d]]>
              </value>
            </param>
          </params>
          <reporter-output>
          </reporter-output>
        </test-method> <!-- setUpClass -->
        <test-method signature="runScenario(io.cucumber.testng.PickleWrapper,io.cucumber.testng.FeatureWrapper)[pri:0, instance:Runner.Runnerclass@10e41621]" started-at="2026-06-28T00:30:34 IST" name="runScenario" description="Runs Cucumber Scenarios" data-provider="scenarios" finished-at="2026-06-28T00:30:40 IST" duration-ms="6340" status="PASS">
          <params>
            <param index="0">
              <value>
                <![CDATA["run Negative file"]]>
              </value>
            </param>
            <param index="1">
              <value>
                <![CDATA["Run a test file"]]>
              </value>
            </param>
          </params>
          <reporter-output>
          </reporter-output>
        </test-method> <!-- runScenario -->
        <test-method is-config="true" signature="tearDownClass()[pri:0, instance:Runner.Runnerclass@10e41621]" started-at="2026-06-28T00:30:40 IST" name="tearDownClass" finished-at="2026-06-28T00:30:41 IST" duration-ms="92" status="PASS">
          <reporter-output>
          </reporter-output>
        </test-method> <!-- tearDownClass -->
      </class> <!-- Runner.Runnerclass -->
    </test> <!-- Test -->
  </suite> <!-- Cucumber Suite -->
</testng-results>
