<?xml version="1.0" encoding="UTF-8"?>
<!-- Generated by org.testng.reporters.JUnitReportReporter -->
<testsuite hostname="LAPTOP-3TBI624S" failures="0" tests="2" name="Runner.Runnerclass" time="10.747" errors="1" timestamp="2026-06-28T00:09:23 IST" skipped="0">
  <testcase classname="Runner.Runnerclass" name="runScenario" time="4.531"/>
  <testcase classname="Runner.Runnerclass" name="runScenario" time="6.216">
    <error message="expected:&lt;https://rahulshettyacademy.com/seleniumPractise/#/&gt; but was:&lt;rahulshetty&gt;" type="junit.framework.ComparisonFailure">
      <![CDATA[junit.framework.ComparisonFailure: expected:<https://rahulshettyacademy.com/seleniumPractise/#/> but was:<rahulshetty>
at junit.framework.Assert.assertEquals(Assert.java:81)
at junit.framework.Assert.assertEquals(Assert.java:87)
at Stepdefinations.test.failscenario(test.java:23)
at ✽.failscenario(file:///C:/Users/adapa/Desktop/selenium/testcucumberupdatedjenkis/src/test/resources/featurefiles/testing.feature:8)
]]>
    </error>
  </testcase> <!-- runScenario -->
</testsuite> <!-- Runner.Runnerclass -->
